<?xml version="1.0" encoding="UTF-8"?>
<!-- Generated by org.testng.reporters.JUnitReportReporter -->
<testsuite skipped="0" hostname="mark-SATELLITE-S50-B" name="test.FirstTest" tests="1" failures="0" timestamp="12 jul 2017 09:41:44 GMT" time="0.000" errors="0">
  <testcase name="testMethod" time="0.000" classname="test.FirstTest"/>
</testsuite> <!-- test.FirstTest -->
